<?xml version="1.0" encoding="UTF-8"?>
<!-- Generated by org.testng.reporters.JUnitReportReporter -->
<testsuite hostname="Hanshu-Yuvansh" failures="0" tests="1" name="NewLoans.Borrower.ES_19_NewBorrower_Refinancings__EasyFIX" time="166.501" errors="0" timestamp="2024-09-09T17:56:31 IST" skipped="0">
  <testcase classname="NewLoans.Borrower.ES_19_NewBorrower_Refinancings__EasyFIX" name="NewBorrowerRefinancingsEasyFIX" time="166.501"/>
</testsuite> <!-- NewLoans.Borrower.ES_19_NewBorrower_Refinancings__EasyFIX -->
