<?xml version="1.0" encoding="UTF-8"?>
<!-- Generated by org.testng.reporters.JUnitReportReporter -->
<testsuite hostname="Hanshu-Yuvansh" failures="0" tests="1" name="Administration_LookUps.ES_11_0_BorrowerCommunicationMethods" time="41.830" errors="0" timestamp="2024-07-02T11:50:36 IST" skipped="0">
  <testcase classname="Administration_LookUps.ES_11_0_BorrowerCommunicationMethods" name="BorrowerCommunicationMethods" time="41.830"/>
</testsuite> <!-- Administration_LookUps.ES_11_0_BorrowerCommunicationMethods -->
