<?xml version="1.0" encoding="UTF-8"?>
<!-- Generated by org.testng.reporters.JUnitReportReporter -->
<testsuite hostname="Hanshu-Yuvansh" failures="0" tests="1" name="NewLoans.Broker.ES_20_NewBROKER_Purchase_EasyBuild" time="196.463" errors="0" timestamp="2024-09-09T17:31:33 IST" skipped="0">
  <testcase classname="NewLoans.Broker.ES_20_NewBROKER_Purchase_EasyBuild" name="NewBROKERPurchaseEasyBuild" time="196.463"/>
</testsuite> <!-- NewLoans.Broker.ES_20_NewBROKER_Purchase_EasyBuild -->
