<?xml version="1.0" encoding="UTF-8"?>
<!-- Generated by org.testng.reporters.JUnitReportReporter -->
<testsuite hostname="Hanshu-Yuvansh" failures="0" tests="1" name="PipeLine.LoanDetails.Deals.ES_32_AddHMDA" time="160.800" errors="0" timestamp="2024-08-07T17:38:43 IST" skipped="0">
  <testcase classname="PipeLine.LoanDetails.Deals.ES_32_AddHMDA" name="HMDA" time="160.800"/>
</testsuite> <!-- PipeLine.LoanDetails.Deals.ES_32_AddHMDA -->
