<?xml version="1.0" encoding="UTF-8"?>
<!-- Generated by org.testng.reporters.JUnitReportReporter -->
<testsuite hostname="Hanshu-Yuvansh" failures="0" tests="1" name="PipeLine.LoanEdit.ES_27_LoanStagesNavigation" time="53.553" errors="0" timestamp="2024-07-20T17:16:20 IST" skipped="0">
  <testcase classname="PipeLine.LoanEdit.ES_27_LoanStagesNavigation" name="LoanStagesNavigation" time="53.553"/>
</testsuite> <!-- PipeLine.LoanEdit.ES_27_LoanStagesNavigation -->
