<?xml version="1.0" encoding="UTF-8"?>
<!-- Generated by org.testng.reporters.JUnitReportReporter -->
<testsuite hostname="Hanshu-Yuvansh" failures="0" tests="1" name="Administration.LookUps.DropDownManagement.ES_11_0_BorrowerCommunicationMethods" time="41.583" errors="0" timestamp="2024-07-03T19:27:29 IST" skipped="0">
  <testcase classname="Administration.LookUps.DropDownManagement.ES_11_0_BorrowerCommunicationMethods" name="BorrowerCommunicationMethods" time="41.583"/>
</testsuite> <!-- Administration.LookUps.DropDownManagement.ES_11_0_BorrowerCommunicationMethods -->
