<?xml version="1.0" encoding="UTF-8"?>
<!-- Generated by org.testng.reporters.JUnitReportReporter -->
<testsuite hostname="Hanshu-Yuvansh" failures="0" tests="1" name="PipeLine.LoanDetails.ClosingAndFunding.ES_44_WireInstructions" time="49.125" errors="0" timestamp="2024-08-30T15:16:25 IST" skipped="0">
  <testcase classname="PipeLine.LoanDetails.ClosingAndFunding.ES_44_WireInstructions" name="WireInstructions" time="49.125"/>
</testsuite> <!-- PipeLine.LoanDetails.ClosingAndFunding.ES_44_WireInstructions -->
