<?xml version="1.0" encoding="UTF-8"?>
<!-- Generated by org.testng.reporters.JUnitReportReporter -->
<testsuite hostname="Hanshu-Yuvansh" failures="0" tests="1" name="NewLoans.Borrower.ES_17_0_NewBorrower_Refinancings" time="125.485" errors="0" timestamp="2024-07-04T14:24:08 IST" skipped="0">
  <testcase classname="NewLoans.Borrower.ES_17_0_NewBorrower_Refinancings" name="NewBorrower_Refinancings" time="125.485"/>
</testsuite> <!-- NewLoans.Borrower.ES_17_0_NewBorrower_Refinancings -->
