<?xml version="1.0" encoding="UTF-8"?>
<!-- Generated by org.testng.reporters.JUnitReportReporter -->
<testsuite hostname="Hanshu-Yuvansh" failures="0" tests="1" name="Administration.LookUps.Needs.ES_12_0_AddNeeds" time="40.868" errors="0" timestamp="2024-07-03T19:38:42 IST" skipped="0">
  <testcase classname="Administration.LookUps.Needs.ES_12_0_AddNeeds" name="AddNeeds" time="40.868"/>
</testsuite> <!-- Administration.LookUps.Needs.ES_12_0_AddNeeds -->
