<?xml version="1.0" encoding="UTF-8"?>
<!-- Generated by org.testng.reporters.JUnitReportReporter -->
<testsuite hostname="Hanshu-Yuvansh" failures="0" tests="1" name="Login.ES_02_ForgotPasswordTest" time="15.014" errors="0" timestamp="2024-07-03T17:04:12 IST" skipped="0">
  <testcase classname="Login.ES_02_ForgotPasswordTest" name="f" time="15.014"/>
</testsuite> <!-- Login.ES_02_ForgotPasswordTest -->
