<?xml version="1.0" encoding="UTF-8"?>
<!-- Generated by org.testng.reporters.JUnitReportReporter -->
<testsuite hostname="Hanshu-Yuvansh" failures="0" tests="1" name="NewLoans.Borrower.ES_18_NewBorrower_Purchase_EasyFIX" time="161.127" errors="0" timestamp="2024-09-09T18:08:27 IST" skipped="0">
  <testcase classname="NewLoans.Borrower.ES_18_NewBorrower_Purchase_EasyFIX" name="PurchaseEasyFIX" time="161.127"/>
</testsuite> <!-- NewLoans.Borrower.ES_18_NewBorrower_Purchase_EasyFIX -->
