<?xml version="1.0" encoding="UTF-8"?>
<!-- Generated by org.testng.reporters.JUnitReportReporter -->
<testsuite hostname="Hanshu-Yuvansh" failures="0" tests="1" name="PipeLine.LoanDetails.Deals.ES_33_AddHMDA" time="157.797" errors="0" timestamp="2024-08-09T18:31:20 IST" skipped="0">
  <testcase classname="PipeLine.LoanDetails.Deals.ES_33_AddHMDA" name="HMDA" time="157.797"/>
</testsuite> <!-- PipeLine.LoanDetails.Deals.ES_33_AddHMDA -->
