<?xml version="1.0" encoding="UTF-8"?>
<!-- Generated by org.testng.reporters.JUnitReportReporter -->
<testsuite hostname="Hanshu-Yuvansh" failures="0" tests="1" name="PipeLine.LoanDetails.ClosingAndFunding.ES_41_ClearToClose" time="57.746" errors="0" timestamp="2024-08-19T14:53:34 IST" skipped="0">
  <testcase classname="PipeLine.LoanDetails.ClosingAndFunding.ES_41_ClearToClose" name="ClearToClose" time="57.746"/>
</testsuite> <!-- PipeLine.LoanDetails.ClosingAndFunding.ES_41_ClearToClose -->
