<?xml version="1.0" encoding="UTF-8"?>
<!-- Generated by org.testng.reporters.JUnitReportReporter -->
<testsuite hostname="Hanshu-Yuvansh" failures="0" tests="1" name="Administration.LookUps.Needs.ES_12_0_AddNeeds0" time="39.121" errors="0" timestamp="2024-07-02T18:31:11 IST" skipped="0">
  <testcase classname="Administration.LookUps.Needs.ES_12_0_AddNeeds0" name="f" time="39.121"/>
</testsuite> <!-- Administration.LookUps.Needs.ES_12_0_AddNeeds0 -->
