<?xml version="1.0" encoding="UTF-8"?>
<!-- Generated by org.testng.reporters.JUnitReportReporter -->
<testsuite hostname="Hanshu-Yuvansh" failures="0" tests="1" name="PipeLine.LoanDetails.Deals.ES_32_DeleteContact" time="185.557" errors="0" timestamp="2024-08-07T19:31:19 IST" skipped="0">
  <testcase classname="PipeLine.LoanDetails.Deals.ES_32_DeleteContact" name="DeleteContact" time="185.557"/>
</testsuite> <!-- PipeLine.LoanDetails.Deals.ES_32_DeleteContact -->
