<?xml version="1.0" encoding="UTF-8"?>
<!-- Generated by org.testng.reporters.JUnitReportReporter -->
<testsuite hostname="Hanshu-Yuvansh" failures="0" tests="1" name="NewLoans.Borrower.ES_17_0_NewBorrower_Refinancings__EasyBuild" time="162.344" errors="0" timestamp="2024-09-09T18:57:26 IST" skipped="0">
  <testcase classname="NewLoans.Borrower.ES_17_0_NewBorrower_Refinancings__EasyBuild" name="NewBorrower_Refinancings" time="162.344"/>
</testsuite> <!-- NewLoans.Borrower.ES_17_0_NewBorrower_Refinancings__EasyBuild -->
