<?xml version="1.0" encoding="UTF-8"?>
<!-- Generated by org.testng.reporters.JUnitReportReporter -->
<testsuite hostname="Hanshu-Yuvansh" failures="0" tests="1" name="PipeLine.LoanDetails.DashBoard.ES_27_LoanStagesNavigation" time="54.560" errors="0" timestamp="2024-09-19T15:31:34 IST" skipped="0">
  <testcase classname="PipeLine.LoanDetails.DashBoard.ES_27_LoanStagesNavigation" name="LoanStagesNavigation" time="54.560"/>
</testsuite> <!-- PipeLine.LoanDetails.DashBoard.ES_27_LoanStagesNavigation -->
