<?xml version="1.0" encoding="UTF-8"?>
<!-- Generated by org.testng.reporters.JUnitReportReporter -->
<testsuite hostname="Hanshu-Yuvansh" failures="0" tests="1" name="NewLoans.ES_17_NewBorrower_Refinancing" time="122.437" errors="0" timestamp="2024-07-04T12:22:47 IST" skipped="0">
  <testcase classname="NewLoans.ES_17_NewBorrower_Refinancing" name="NewBorrower_Refinancing" time="122.437"/>
</testsuite> <!-- NewLoans.ES_17_NewBorrower_Refinancing -->
