<?xml version="1.0" encoding="UTF-8"?>
<!-- Generated by org.testng.reporters.JUnitReportReporter -->
<testsuite hostname="Hanshu-Yuvansh" failures="0" tests="1" name="PipeLine.LoanDetails.DashBoard.ES_27_LoanStagesNavigation" time="52.795" errors="0" timestamp="2024-08-21T16:43:37 IST" skipped="0">
  <testcase classname="PipeLine.LoanDetails.DashBoard.ES_27_LoanStagesNavigation" name="LoanStagesNavigation" time="52.795"/>
</testsuite> <!-- PipeLine.LoanDetails.DashBoard.ES_27_LoanStagesNavigation -->
