<?xml version="1.0" encoding="UTF-8"?>
<!-- Generated by org.testng.reporters.JUnitReportReporter -->
<testsuite hostname="Hanshu-Yuvansh" failures="0" tests="1" name="PipeLine.LoanDetails.ClosingAndFunding.ES_42_Fees" time="83.594" errors="0" timestamp="2024-08-19T16:09:53 IST" skipped="0">
  <testcase classname="PipeLine.LoanDetails.ClosingAndFunding.ES_42_Fees" name="Fees" time="83.594"/>
</testsuite> <!-- PipeLine.LoanDetails.ClosingAndFunding.ES_42_Fees -->
