<?xml version="1.0" encoding="UTF-8"?>
<!-- Generated by org.testng.reporters.JUnitReportReporter -->
<testsuite hostname="Hanshu-Yuvansh" failures="0" tests="1" name="Administration.ES_07_TermsheetPrifills" time="31.715" errors="0" timestamp="2024-09-17T16:20:25 IST" skipped="0">
  <testcase classname="Administration.ES_07_TermsheetPrifills" name="TermsheetPrifills" time="31.715"/>
</testsuite> <!-- Administration.ES_07_TermsheetPrifills -->
