<?xml version="1.0" encoding="UTF-8"?>
<!-- Generated by org.testng.reporters.JUnitReportReporter -->
<testsuite hostname="Hanshu-Yuvansh" failures="0" tests="1" name="Administration.LookUps.LOSFEES.ES_14_EditLOSFEES" time="56.458" errors="0" timestamp="2024-07-03T19:36:50 IST" skipped="0">
  <testcase classname="Administration.LookUps.LOSFEES.ES_14_EditLOSFEES" name="EditLOSFEES" time="56.458"/>
</testsuite> <!-- Administration.LookUps.LOSFEES.ES_14_EditLOSFEES -->
