<?xml version="1.0" encoding="UTF-8"?>
<!-- Generated by org.testng.reporters.JUnitReportReporter -->
<testsuite hostname="Hanshu-Yuvansh" failures="0" tests="1" name="Administration.LookUps.ES_15_EditFormManager" time="31.952" errors="0" timestamp="2024-07-03T19:10:34 IST" skipped="0">
  <testcase classname="Administration.LookUps.ES_15_EditFormManager" name="EditFormManager" time="31.952"/>
</testsuite> <!-- Administration.LookUps.ES_15_EditFormManager -->
