<?xml version="1.0" encoding="UTF-8"?>
<!-- Generated by org.testng.reporters.JUnitReportReporter -->
<testsuite hostname="Hanshu-Yuvansh" failures="0" tests="1" name="Administration.LookUps.Needs.ES_12_1_EditNeedsTest" time="39.220" errors="0" timestamp="2024-07-03T19:40:18 IST" skipped="0">
  <testcase classname="Administration.LookUps.Needs.ES_12_1_EditNeedsTest" name="EditNeedsTest" time="39.220"/>
</testsuite> <!-- Administration.LookUps.Needs.ES_12_1_EditNeedsTest -->
