<?xml version="1.0" encoding="UTF-8"?>
<!-- Generated by org.testng.reporters.JUnitReportReporter -->
<testsuite hostname="Hanshu-Yuvansh" failures="0" tests="1" name="MyAccount.ES_24_MyAccount" time="18.680" errors="0" timestamp="2024-07-16T12:01:04 IST" skipped="0">
  <testcase classname="MyAccount.ES_24_MyAccount" name="MyAccountDetails" time="18.680"/>
</testsuite> <!-- MyAccount.ES_24_MyAccount -->
