<?xml version="1.0" encoding="UTF-8"?>
<!-- Generated by org.testng.reporters.JUnitReportReporter -->
<testsuite hostname="Hanshu-Yuvansh" failures="0" tests="1" name="Administration.ES_09_EditUserManagement" time="127.620" errors="0" timestamp="2024-09-17T16:12:15 IST" skipped="0">
  <testcase classname="Administration.ES_09_EditUserManagement" name="EditUser" time="127.620"/>
</testsuite> <!-- Administration.ES_09_EditUserManagement -->
